<?xml version="1.0" encoding="UTF-8"?>
<!-- Generated by org.testng.reporters.JUnitXMLReporter -->
<testsuite ignored="2" hostname="LAPTOP-VMPKN6IC" failures="0" tests="0" time="0.002" errors="0" timestamp="2024-12-10T22:13:39 IST">
  <testcase classname="rahulshettyacademy.Tests.ErrorValidation" name="ProductErrorValidation" time="0.0">
    <ignored/>
  </testcase> <!-- ProductErrorValidation -->
  <testcase classname="rahulshettyacademy.Tests.ErrorValidation" name="LogInErrorValidation" time="0.0">
    <ignored/>
  </testcase> <!-- LogInErrorValidation -->
</testsuite>
