<?xml version="1.0" encoding="UTF-8"?>
<!-- Generated by org.testng.reporters.JUnitXMLReporter -->
<testsuite ignored="1" hostname="LAPTOP-VMPKN6IC" failures="0" tests="2" name="SubmitTest" time="29.039" errors="0" timestamp="2024-12-10T22:13:39 IST">
  <testcase classname="rahulshettyacademy.Tests.SubmitTest" name="submitOrder" time="6.295"/>
  <testcase classname="rahulshettyacademy.Tests.SubmitTest" name="submitOrder" time="5.605"/>
  <testcase classname="rahulshettyacademy.Tests.SubmitTest" name="OrderHistory" time="0.0">
    <ignored/>
  </testcase> <!-- OrderHistory -->
</testsuite> <!-- SubmitTest -->
