<?xml version="1.0" encoding="UTF-8"?>
<!-- Generated by org.testng.reporters.JUnitXMLReporter -->
<testsuite ignored="0" hostname="LAPTOP-VMPKN6IC" failures="0" tests="3" name="Test" time="30.965" errors="0" timestamp="2024-12-01T17:51:57 IST">
  <testcase classname="rahulshettyacademy.Tests.ErrorValidation" name="LogInErrorValidation" time="1.004"/>
  <testcase classname="rahulshettyacademy.Tests.ErrorValidation" name="ProductErrorValidationr" time="3.767"/>
  <testcase classname="rahulshettyacademy.Tests.SubmitTest" name="submitOrder" time="5.099"/>
</testsuite> <!-- Test -->
