<?xml version="1.0" encoding="UTF-8"?>
<!-- Generated by org.testng.reporters.JUnitXMLReporter -->
<testsuite ignored="0" hostname="LAPTOP-VMPKN6IC" failures="0" tests="2" name="ErrorValidation" time="16.054" errors="0" timestamp="2024-12-12T18:09:55 IST">
  <testcase classname="rahulshettyacademy.Tests.ErrorValidation" name="LogInErrorValidation" time="1.113"/>
  <testcase classname="rahulshettyacademy.Tests.ErrorValidation" name="ProductErrorValidation" time="3.729"/>
</testsuite> <!-- ErrorValidation -->
