<?xml version="1.0" encoding="UTF-8"?>
<!-- Generated by org.testng.reporters.JUnitXMLReporter -->
<testsuite ignored="0" hostname="LAPTOP-VMPKN6IC" failures="0" tests="3" name="SubmitTest" time="29.131" errors="0" timestamp="2024-12-12T18:10:08 IST">
  <testcase classname="rahulshettyacademy.Tests.SubmitTest" name="submitOrder" time="5.102"/>
  <testcase classname="rahulshettyacademy.Tests.SubmitTest" name="submitOrder" time="5.1"/>
  <testcase classname="rahulshettyacademy.Tests.SubmitTest" name="OrderHistory" time="1.162"/>
</testsuite> <!-- SubmitTest -->
